ANs_index:1 nowpoint_x:4.763176 _y:2.718589 _z:-0.609912
ANs_index:1 nowpoint_x:4.004486 _y:3.091220 _z:4.092380
ANs_index:0 nowpoint_x:-0.588702 _y:-2.246620 _z:-2.394024
ANs_index:1 nowpoint_x:3.402661 _y:3.081759 _z:-2.255165
ANs_index:1 nowpoint_x:3.625904 _y:4.771569 _z:-2.268899
ANs_index:1 nowpoint_x:4.354228 _y:4.724265 _z:-0.160070
ANs_index:0 nowpoint_x:-2.443617 _y:2.628864 _z:-0.036317
ANs_index:1 nowpoint_x:4.214911 _y:4.104434 _z:4.775994
ANs_index:0 nowpoint_x:-1.397137 _y:4.158757 _z:4.900204
ANs_index:0 nowpoint_x:-2.391736 _y:2.887051 _z:3.640706
ANs_index:1 nowpoint_x:3.710746 _y:-1.856441 _z:3.804743
ANs_index:0 nowpoint_x:-1.944945 _y:3.642994 _z:3.471328
ANs_index:0 nowpoint_x:-1.882839 _y:-2.468184 _z:-2.224494
ANs_index:1 nowpoint_x:4.002197 _y:-1.279031 _z:-1.870327
ANs_index:1 nowpoint_x:4.575182 _y:-0.288705 _z:-2.374493
ANs_index:1 nowpoint_x:3.806116 _y:2.838984 _z:4.075137
ANs_index:1 nowpoint_x:2.908872 _y:3.641926 _z:2.657247
ANs_index:0 nowpoint_x:-0.715201 _y:-2.486343 _z:3.066195
ANs_index:1 nowpoint_x:4.963378 _y:-1.913663 _z:4.980316
ANs_index:0 nowpoint_x:-0.997955 _y:3.881344 _z:-0.154271
ANs_index:0 nowpoint_x:-0.870693 _y:4.701376 _z:4.008911
ANs_index:1 nowpoint_x:4.976196 _y:4.044160 _z:2.509384
ANs_index:1 nowpoint_x:2.867367 _y:3.749199 _z:-0.087130
ANs_index:0 nowpoint_x:-2.068545 _y:-1.797998 _z:-2.110660
ANs_index:0 nowpoint_x:-0.606861 _y:-0.504318 _z:-1.086917
ANs_index:0 nowpoint_x:-1.714072 _y:-0.605640 _z:-0.418104
ANs_index:1 nowpoint_x:2.600635 _y:-0.449690 _z:3.446913
ANs_index:1 nowpoint_x:3.120365 _y:-0.710623 _z:2.791986
ANs_index:0 nowpoint_x:-0.435957 _y:3.005921 _z:4.793390
ANs_index:0 nowpoint_x:-0.429548 _y:4.556108 _z:4.478896
ANs_index:1 nowpoint_x:4.080172 _y:-0.835902 _z:-0.381329
ANs_index:0 nowpoint_x:-0.331889 _y:3.145085 _z:3.934751
ANs_index:1 nowpoint_x:4.706412 _y:2.987152 _z:3.806574
ANs_index:1 nowpoint_x:4.517197 _y:4.917600 _z:2.504196
ANs_index:0 nowpoint_x:-1.727195 _y:-0.567797 _z:4.641102
ANs_index:1 nowpoint_x:2.762993 _y:3.492691 _z:-0.155492
ANs_index:1 nowpoint_x:3.697012 _y:4.726096 _z:-2.448653
ANs_index:0 nowpoint_x:-2.043825 _y:-1.891079 _z:3.186590
ANs_index:1 nowpoint_x:4.080782 _y:2.678457 _z:3.676870
ANs_index:0 nowpoint_x:-0.910215 _y:4.215674 _z:4.709616
ANs_index:1 nowpoint_x:3.216346 _y:-1.575213 _z:-0.825220
ANs_index:1 nowpoint_x:4.701376 _y:-1.873989 _z:-0.416883
ANs_index:1 nowpoint_x:2.717521 _y:-0.188452 _z:2.672506
ANs_index:1 nowpoint_x:3.984954 _y:-0.890683 _z:3.735160
ANs_index:1 nowpoint_x:3.743248 _y:2.916807 _z:-0.836818
ANs_index:1 nowpoint_x:4.150060 _y:-0.301981 _z:4.135868
ANs_index:0 nowpoint_x:-1.573382 _y:2.518693 _z:-2.181310
ANs_index:0 nowpoint_x:-1.379437 _y:4.684133 _z:3.204138
ANs_index:0 nowpoint_x:-1.450697 _y:-0.462966 _z:4.150517
ANs_index:0 nowpoint_x:-2.475814 _y:-2.156133 _z:3.186895
ANs_index:0 nowpoint_x:-0.257576 _y:4.920957 _z:-1.709342
ANs_index:0 nowpoint_x:-1.292154 _y:3.351390 _z:-0.296335
ANs_index:0 nowpoint_x:-0.960112 _y:4.371471 _z:-0.730155
ANs_index:0 nowpoint_x:-0.974914 _y:-2.479781 _z:3.140812
ANs_index:0 nowpoint_x:-2.455824 _y:2.644581 _z:4.089785
ANs_index:0 nowpoint_x:-1.979431 _y:4.357585 _z:3.415326
ANs_index:0 nowpoint_x:-2.165899 _y:-2.143468 _z:4.017304
ANs_index:1 nowpoint_x:3.990295 _y:-1.748711 _z:4.559313
ANs_index:1 nowpoint_x:3.014161 _y:4.059114 _z:2.991577
ANs_index:1 nowpoint_x:3.603015 _y:-1.209143 _z:2.565844
ANs_index:0 nowpoint_x:-0.977813 _y:-0.774255 _z:-1.353496
ANs_index:0 nowpoint_x:-2.012238 _y:3.440046 _z:4.666128
ANs_index:1 nowpoint_x:4.799036 _y:4.448836 _z:3.407849
ANs_index:0 nowpoint_x:-1.142003 _y:-1.593524 _z:4.313181
ANs_index:0 nowpoint_x:-1.321757 _y:-0.123753 _z:-0.744499
ANs_index:0 nowpoint_x:-0.768456 _y:3.639180 _z:2.896664
ANs_index:1 nowpoint_x:3.926206 _y:4.702597 _z:-2.465743
ANs_index:0 nowpoint_x:-1.337931 _y:3.418073 _z:3.038270
ANs_index:1 nowpoint_x:3.245186 _y:2.977538 _z:2.552416
ANs_index:0 nowpoint_x:-0.517747 _y:-0.034791 _z:3.291574
ANs_index:1 nowpoint_x:4.452498 _y:-1.611988 _z:-0.401776
ANs_index:1 nowpoint_x:4.142582 _y:-2.343211 _z:2.712943
ANs_index:1 nowpoint_x:4.468673 _y:4.764550 _z:-2.215339
ANs_index:0 nowpoint_x:-2.267067 _y:-0.140996 _z:4.206366
ANs_index:0 nowpoint_x:-1.124302 _y:4.002808 _z:4.048585
ANs_index:0 nowpoint_x:-1.634419 _y:-1.905423 _z:-0.910672
ANs_index:0 nowpoint_x:-0.229347 _y:3.403729 _z:2.585986
ANs_index:0 nowpoint_x:-0.131993 _y:-1.090121 _z:3.302713
ANs_index:0 nowpoint_x:-1.275826 _y:-1.411786 _z:2.672811
ANs_index:1 nowpoint_x:4.877773 _y:4.818720 _z:4.271218
ANs_index:1 nowpoint_x:3.759117 _y:-2.244789 _z:-1.982177
ANs_index:0 nowpoint_x:-1.558885 _y:-0.844447 _z:3.292795
ANs_index:1 nowpoint_x:4.473098 _y:4.534440 _z:3.512680
ANs_index:0 nowpoint_x:-1.686453 _y:-1.553850 _z:-2.141179
ANs_index:0 nowpoint_x:-2.240059 _y:-1.573687 _z:-1.545152
ANs_index:1 nowpoint_x:4.625385 _y:3.166143 _z:-1.404462
ANs_index:0 nowpoint_x:-0.993225 _y:4.156316 _z:-1.855068
ANs_index:0 nowpoint_x:-0.767846 _y:4.786523 _z:2.605823
ANs_index:0 nowpoint_x:-0.584277 _y:-1.651967 _z:2.997528
ANs_index:1 nowpoint_x:4.141667 _y:-1.189764 _z:3.034608
ANs_index:1 nowpoint_x:2.738884 _y:2.791070 _z:2.998138
ANs_index:0 nowpoint_x:-0.209815 _y:-0.806146 _z:2.632221
ANs_index:1 nowpoint_x:2.878353 _y:2.757653 _z:-0.395520
ANs_index:0 nowpoint_x:-0.768609 _y:-1.944945 _z:2.562029
ANs_index:1 nowpoint_x:2.674184 _y:-0.742210 _z:-0.941343
ANs_index:0 nowpoint_x:-0.784021 _y:-1.485336 _z:-1.543321
ANs_index:1 nowpoint_x:3.836787 _y:-0.196692 _z:-1.969512
ANs_index:1 nowpoint_x:4.871822 _y:-1.666616 _z:-1.786859
ANs_index:0 nowpoint_x:-1.383251 _y:-0.806452 _z:-1.149785
ANs_index:0 nowpoint_x:-2.031617 _y:2.895596 _z:4.539476
Case #1:
53
47
0
0
